<?xml version="1.0" encoding="UTF-8"?>
<testng-results ignored="0" total="8" passed="8" failed="0" skipped="0">
  <reporter-output>
  </reporter-output>
  <suite started-at="2025-06-26T16:04:39 IST" name="Bookstore API Suite" finished-at="2025-06-26T16:04:50 IST" duration-ms="10883">
    <groups>
    </groups>
    <test started-at="2025-06-26T16:04:39 IST" name="API Tests" finished-at="2025-06-26T16:04:50 IST" duration-ms="10883">
      <class name="com.bookstore.api.tests.BookApiTest">
        <test-method is-config="true" signature="setup()[pri:0, instance:com.bookstore.api.tests.BookApiTest@4d1c005e]" started-at="2025-06-26T16:04:39 IST" name="setup" finished-at="2025-06-26T16:04:43 IST" duration-ms="4209" status="PASS">
          <reporter-output>
          </reporter-output>
        </test-method> <!-- setup -->
        <test-method signature="testLogin()[pri:1, instance:com.bookstore.api.tests.BookApiTest@4d1c005e]" started-at="2025-06-26T16:04:43 IST" name="testLogin" finished-at="2025-06-26T16:04:49 IST" duration-ms="5499" status="PASS">
          <reporter-output>
          </reporter-output>
        </test-method> <!-- testLogin -->
        <test-method signature="testCreateBook()[pri:2, instance:com.bookstore.api.tests.BookApiTest@4d1c005e]" started-at="2025-06-26T16:04:49 IST" name="testCreateBook" finished-at="2025-06-26T16:04:50 IST" depends-on-methods="com.bookstore.api.tests.BookApiTest.testLogin" duration-ms="706" status="PASS">
          <reporter-output>
          </reporter-output>
        </test-method> <!-- testCreateBook -->
        <test-method signature="testGetBookById()[pri:3, instance:com.bookstore.api.tests.BookApiTest@4d1c005e]" started-at="2025-06-26T16:04:50 IST" name="testGetBookById" finished-at="2025-06-26T16:04:50 IST" depends-on-methods="com.bookstore.api.tests.BookApiTest.testCreateBook" duration-ms="66" status="PASS">
          <reporter-output>
          </reporter-output>
        </test-method> <!-- testGetBookById -->
        <test-method signature="testUpdateBook()[pri:4, instance:com.bookstore.api.tests.BookApiTest@4d1c005e]" started-at="2025-06-26T16:04:50 IST" name="testUpdateBook" finished-at="2025-06-26T16:04:50 IST" depends-on-methods="com.bookstore.api.tests.BookApiTest.testGetBookById" duration-ms="40" status="PASS">
          <reporter-output>
          </reporter-output>
        </test-method> <!-- testUpdateBook -->
        <test-method signature="testGetAllBooks()[pri:5, instance:com.bookstore.api.tests.BookApiTest@4d1c005e]" started-at="2025-06-26T16:04:50 IST" name="testGetAllBooks" finished-at="2025-06-26T16:04:50 IST" depends-on-methods="com.bookstore.api.tests.BookApiTest.testUpdateBook" duration-ms="95" status="PASS">
          <reporter-output>
          </reporter-output>
        </test-method> <!-- testGetAllBooks -->
        <test-method signature="testDeleteBook()[pri:6, instance:com.bookstore.api.tests.BookApiTest@4d1c005e]" started-at="2025-06-26T16:04:50 IST" name="testDeleteBook" finished-at="2025-06-26T16:04:50 IST" depends-on-methods="com.bookstore.api.tests.BookApiTest.testGetAllBooks" duration-ms="32" status="PASS">
          <reporter-output>
          </reporter-output>
        </test-method> <!-- testDeleteBook -->
        <test-method signature="testGetDeletedBook()[pri:7, instance:com.bookstore.api.tests.BookApiTest@4d1c005e]" started-at="2025-06-26T16:04:50 IST" name="testGetDeletedBook" finished-at="2025-06-26T16:04:50 IST" depends-on-methods="com.bookstore.api.tests.BookApiTest.testDeleteBook" duration-ms="21" status="PASS">
          <reporter-output>
          </reporter-output>
        </test-method> <!-- testGetDeletedBook -->
        <test-method signature="testCreateBookWithoutToken()[pri:8, instance:com.bookstore.api.tests.BookApiTest@4d1c005e]" started-at="2025-06-26T16:04:50 IST" name="testCreateBookWithoutToken" finished-at="2025-06-26T16:04:50 IST" duration-ms="24" status="PASS">
          <reporter-output>
          </reporter-output>
        </test-method> <!-- testCreateBookWithoutToken -->
      </class> <!-- com.bookstore.api.tests.BookApiTest -->
    </test> <!-- API Tests -->
  </suite> <!-- Bookstore API Suite -->
</testng-results>
