<?xml version="1.0" encoding="UTF-8"?>
<!-- Generated by org.testng.reporters.JUnitXMLReporter -->
<testsuite ignored="0" hostname="Krantis-MacBook-Air.local" failures="0" tests="8" name="API Tests" time="10.883" errors="0" timestamp="2025-06-26T16:04:50 IST">
  <testcase classname="com.bookstore.api.tests.BookApiTest" name="testLogin" time="5.499"/>
  <testcase classname="com.bookstore.api.tests.BookApiTest" name="testCreateBook" time="0.706"/>
  <testcase classname="com.bookstore.api.tests.BookApiTest" name="testGetBookById" time="0.066"/>
  <testcase classname="com.bookstore.api.tests.BookApiTest" name="testUpdateBook" time="0.04"/>
  <testcase classname="com.bookstore.api.tests.BookApiTest" name="testGetAllBooks" time="0.095"/>
  <testcase classname="com.bookstore.api.tests.BookApiTest" name="testDeleteBook" time="0.032"/>
  <testcase classname="com.bookstore.api.tests.BookApiTest" name="testGetDeletedBook" time="0.021"/>
  <testcase classname="com.bookstore.api.tests.BookApiTest" name="testCreateBookWithoutToken" time="0.024"/>
</testsuite> <!-- API Tests -->
