<?xml version="1.0" encoding="UTF-8"?>
<!-- Generated by org.testng.reporters.JUnitXMLReporter -->
<testsuite ignored="0" hostname="Krantis-MacBook-Air.local" failures="5" tests="11" name="API Tests" time="7.371" errors="0" timestamp="2025-06-25T18:10:08 IST">
  <testcase classname="com.bookstore.api.tests.BookApiTest" name="testLogin" time="7.116">
    <failure type="java.lang.AssertionError" message="expected [200] but found [400]">
      <![CDATA[java.lang.AssertionError: expected [200] but found [400]
at com.bookstore.api.tests.BookApiTest.testLogin(BookApiTest.java:370)
at java.base/java.util.ArrayList.forEach(ArrayList.java:1596)
... Removed 32 stack frames]]>
    </failure>
  </testcase> <!-- testLogin -->
  <testcase classname="com.bookstore.api.tests.BookApiTest" name="testCreateBook" time="0.001">
    <skipped/>
  </testcase> <!-- testCreateBook -->
  <testcase classname="com.bookstore.api.tests.BookApiTest" name="testGetBookById" time="0.0">
    <skipped/>
  </testcase> <!-- testGetBookById -->
  <testcase classname="com.bookstore.api.tests.BookApiTest" name="testUpdateBook" time="0.0">
    <skipped/>
  </testcase> <!-- testUpdateBook -->
  <testcase classname="com.bookstore.api.tests.BookApiTest" name="testGetAllBooks" time="0.0">
    <skipped/>
  </testcase> <!-- testGetAllBooks -->
  <testcase classname="com.bookstore.api.tests.BookApiTest" name="testDeleteBook" time="0.0">
    <skipped/>
  </testcase> <!-- testDeleteBook -->
  <testcase classname="com.bookstore.api.tests.BookApiTest" name="testGetDeletedBook" time="0.0">
    <skipped/>
  </testcase> <!-- testGetDeletedBook -->
  <testcase classname="com.bookstore.api.tests.BookApiTest" name="testCreateBookWithoutToken" time="0.024">
    <failure type="java.lang.IllegalArgumentException" message="Header value cannot be null">
      <![CDATA[java.lang.IllegalArgumentException: Header value cannot be null
at org.codehaus.groovy.runtime.callsite.ConstructorSite$ConstructorSiteNoUnwrap.callConstructor(ConstructorSite.java:86)
at org.codehaus.groovy.runtime.callsite.CallSiteArray.defaultCallConstructor(CallSiteArray.java:57)
at org.codehaus.groovy.runtime.callsite.AbstractCallSite.callConstructor(AbstractCallSite.java:263)
at org.codehaus.groovy.runtime.callsite.AbstractCallSite.callConstructor(AbstractCallSite.java:277)
at io.restassured.internal.common.assertion.AssertParameter.notNull(AssertParameter.groovy:26)
at io.restassured.internal.common.assertion.AssertParameter$notNull.callStatic(Unknown Source)
at org.codehaus.groovy.runtime.callsite.CallSiteArray.defaultCallStatic(CallSiteArray.java:53)
at io.restassured.internal.common.assertion.AssertParameter$notNull.callStatic(Unknown Source)
at io.restassured.internal.RequestSpecificationImpl.header(RequestSpecificationImpl.groovy:869)
at com.bookstore.service.BookService.createBook(BookService.java:97)
at com.bookstore.api.tests.BookApiTest.testCreateBookWithoutToken(BookApiTest.java:421)
at java.base/java.util.ArrayList.forEach(ArrayList.java:1596)
... Removed 30 stack frames]]>
    </failure>
  </testcase> <!-- testCreateBookWithoutToken -->
  <testcase classname="com.bookstore.api.tests.BookApiTest" name="testGetNonExistentBook" time="0.003">
    <failure type="java.lang.IllegalArgumentException" message="Header value cannot be null">
      <![CDATA[java.lang.IllegalArgumentException: Header value cannot be null
at org.codehaus.groovy.runtime.callsite.ConstructorSite$ConstructorSiteNoUnwrap.callConstructor(ConstructorSite.java:86)
at org.codehaus.groovy.runtime.callsite.AbstractCallSite.callConstructor(AbstractCallSite.java:277)
at io.restassured.internal.common.assertion.AssertParameter.notNull(AssertParameter.groovy:26)
at io.restassured.internal.common.assertion.AssertParameter$notNull.callStatic(Unknown Source)
at io.restassured.internal.RequestSpecificationImpl.header(RequestSpecificationImpl.groovy:869)
at com.bookstore.service.BookService.getBookById(BookService.java:109)
at com.bookstore.api.tests.BookApiTest.testGetNonExistentBook(BookApiTest.java:428)
at java.base/java.util.ArrayList.forEach(ArrayList.java:1596)
... Removed 30 stack frames]]>
    </failure>
  </testcase> <!-- testGetNonExistentBook -->
  <testcase classname="com.bookstore.api.tests.BookApiTest" name="testCreateBookWithEmptyPayload" time="0.007">
    <failure type="java.lang.IllegalArgumentException" message="Header value cannot be null">
      <![CDATA[java.lang.IllegalArgumentException: Header value cannot be null
at org.codehaus.groovy.runtime.callsite.ConstructorSite$ConstructorSiteNoUnwrap.callConstructor(ConstructorSite.java:86)
at org.codehaus.groovy.runtime.callsite.AbstractCallSite.callConstructor(AbstractCallSite.java:277)
at io.restassured.internal.common.assertion.AssertParameter.notNull(AssertParameter.groovy:26)
at io.restassured.internal.common.assertion.AssertParameter$notNull.callStatic(Unknown Source)
at org.codehaus.groovy.runtime.callsite.CallSiteArray.defaultCallStatic(CallSiteArray.java:53)
at io.restassured.internal.common.assertion.AssertParameter$notNull.callStatic(Unknown Source)
at io.restassured.internal.RequestSpecificationImpl.header(RequestSpecificationImpl.groovy:869)
at com.bookstore.service.BookService.createBook(BookService.java:97)
at com.bookstore.api.tests.BookApiTest.testCreateBookWithEmptyPayload(BookApiTest.java:434)
at java.base/java.util.ArrayList.forEach(ArrayList.java:1596)
... Removed 30 stack frames]]>
    </failure>
  </testcase> <!-- testCreateBookWithEmptyPayload -->
  <testcase classname="com.bookstore.api.tests.BookApiTest" name="testDeleteAlreadyDeletedBook" time="0.009">
    <failure type="java.lang.IllegalArgumentException" message="Header value cannot be null">
      <![CDATA[java.lang.IllegalArgumentException: Header value cannot be null
at org.codehaus.groovy.runtime.callsite.ConstructorSite$ConstructorSiteNoUnwrap.callConstructor(ConstructorSite.java:86)
at org.codehaus.groovy.runtime.callsite.AbstractCallSite.callConstructor(AbstractCallSite.java:277)
at io.restassured.internal.common.assertion.AssertParameter.notNull(AssertParameter.groovy:26)
at io.restassured.internal.common.assertion.AssertParameter$notNull.callStatic(Unknown Source)
at io.restassured.internal.RequestSpecificationImpl.header(RequestSpecificationImpl.groovy:869)
at com.bookstore.service.BookService.deleteBook(BookService.java:133)
at com.bookstore.api.tests.BookApiTest.testDeleteAlreadyDeletedBook(BookApiTest.java:440)
at java.base/java.util.ArrayList.forEach(ArrayList.java:1596)
... Removed 30 stack frames]]>
    </failure>
  </testcase> <!-- testDeleteAlreadyDeletedBook -->
</testsuite> <!-- API Tests -->
